  stdafx.cpp
  Div.cpp
  Error.cpp
  FST.cpp
\\mac\home\desktop\iap\lab_16\lab_16\fst.cpp(61): warning C4267: инициализация: преобразование из "size_t" в "short"; возможна потеря данных
  Greibach.cpp
  In.cpp
  IT.cpp
  lab16.cpp
  LexAnaliz.cpp
\\mac\home\desktop\iap\lab_16\lab_16\lexanaliz.cpp(214): warning C4267: инициализация: преобразование из "size_t" в "int"; возможна потеря данных
\\mac\home\desktop\iap\lab_16\lab_16\lexanaliz.cpp(323): warning C4267: +=: преобразование из "size_t" в "int"; возможна потеря данных
  Log.cpp
\\mac\home\desktop\iap\lab_16\lab_16\log.cpp(21): warning C4267: +=: преобразование из "size_t" в "int"; возможна потеря данных
\\mac\home\desktop\iap\lab_16\lab_16\log.cpp(36): warning C4267: +=: преобразование из "size_t" в "int"; возможна потеря данных
\\mac\home\desktop\iap\lab_16\lab_16\log.cpp(62): warning C4267: инициализация: преобразование из "size_t" в "int"; возможна потеря данных
  LT.cpp
  MFST.cpp
\\mac\home\desktop\iap\lab_16\lab_16\mfst.cpp(233): warning C4267: =: преобразование из "size_t" в "short"; возможна потеря данных
  Parm.cpp
  PolishNotation.cpp
  Создание кода...
  lab_16.vcxproj -> \\Mac\Home\Desktop\iap\lab_16\x64\Debug\lab_16.exe
